<?xml version="1.0" encoding="UTF-8"?>
<!-- Generated by org.testng.reporters.JUnitReportReporter -->
<testsuite hostname="Ruchi-Chopra" failures="0" tests="1" name="com.webappseurity.zeroTestScripts.VerifyFundTransfer" time="24.414" errors="0" timestamp="2021-02-05T23:55:44 MST" skipped="0">
  <testcase classname="com.webappseurity.zeroTestScripts.VerifyFundTransfer" name="VerifyFT" time="24.414"/>
</testsuite> <!-- com.webappseurity.zeroTestScripts.VerifyFundTransfer -->
